android/app/proguard-rules.pro
# OkHttp ProGuard rules
-keep class okhttp3.** { *; }
-keep class okio.** { *; }

# Keep BouncyCastle and Conscrypt classes required by OkHttp
-keep class org.bouncycastle.** { *; }
-keep class org.conscrypt.** { *; }
-keep class org.openjsse.** { *; }

# Keep SSL classes for the network security configuration
-keep class javax.net.ssl.** { *; }
-keep class java.security.cert.** { *; }

# Keep all OkHttp classes
-dontwarn okhttp3.**
-dontwarn okio.**

# To keep network connection-related classes if you have issues with them being stripped out
-keep class okhttp3.internal.** { *; }
-keep class okhttp3.internal.platform.** { *; }

-keep class com.google.android.play.core.splitcompat.** { *; }
-keep class com.google.android.play.core.splitinstall.** { *; }
-keep class com.google.android.play.core.splitcompat.SplitCompatApplication { *; }
-keep class com.google.android.play.core.splitinstall.SplitInstallException { *; }
# Flutter background service
-keep class io.flutter.plugins.backgroundservice.** { *; }

# WebSocket channel
-keep class org.java-websocket.** { *; }