build/app/outputs/mapping/release/seeds.txt
com.dcsec.quickcargoo.MainActivity
com.dcsec.quickcargoo.MyBackgroundService
com.dcsec.quickcargoo.MyBackgroundService: MyBackgroundService()
com.dcsec.quickcargoo.MainActivity: MainActivity()
...
com.google.android.gms.internal.maps.zzah: java.lang.String zzl()
com.google.android.gms.internal.base.zaa: void zac(int,android.os.Parcel)
com.google.android.gms.internal.firebase-auth-api.zzaaj: void zza(java.lang.String)
com.pichillilorenzo.flutter_inappwebview.in_app_webview.InAppWebView: boolean dispatchTouchEvent(android.view.MotionEvent)
com.google.android.gms.fido.fido2.api.common.AttestationConveyancePreference: com.google.android.gms.fido.fido2.api.common.AttestationConveyancePreference[] values()
com.google.android.gms.internal.firebase-auth-api.zzfp: com.google.android.gms.internal.firebase-auth-api.zzft zzb()
com.google.android.material.shape.CutCornerTreatment: CutCornerTreatment()
com.onesignal.notifications.internal.display.impl.NotificationDisplayer: int getDrawableId(java.lang.String)
com.google.android.gms.auth.api.phone.SmsRetrieverClient: SmsRetrieverClient(android.app.Activity)
com.pichillilorenzo.flutter_inappwebview.types.CreateWindowAction: boolean equals(java.lang.Object)
com.google.android.gms.internal.firebase-auth-api.zzfl: zzfl()
androidx.appcompat.widget.ActionBarOverlayLayout: void setUiOptions(int)
com.onesignal.inAppMessages.internal.DummyInAppMessagesManager: void clearTriggers()
com.onesignal.common.consistency.RywData: int hashCode()
com.onesignal.notifications.internal.data.impl.NotificationRepository$clearOldestOverLimitFallback$2$1: NotificationRepository$clearOldestOverLimitFallback$2$1(int,int,com.onesignal.notifications.internal.data.impl.NotificationRepository)
com.google.android.recaptcha.internal.zzhd: boolean addAll(java.util.Collection)
com.google.android.recaptcha.internal.zzx: java.lang.String zzo(com.google.android.recaptcha.internal.zzx,com.google.android.recaptcha.internal.zzri)
com.google.android.gms.internal.auth.zzef: java.lang.String zzg(java.nio.charset.Charset)
com.google.android.gms.internal.firebase-auth-api.zzst: java.lang.Object zza(int,java.lang.Object,java.lang.Object)
com.onesignal.core.internal.http.impl.HttpClient: com.onesignal.core.internal.http.impl.IHttpConnectionFactory access$get_connectionFactory$p(com.onesignal.core.internal.http.impl.HttpClient)
com.google.android.gms.internal.maps.zzbg: void add(java.lang.Object)
androidx.core.graphics.drawable.IconCompat$Api28Impl: android.net.Uri getUri(java.lang.Object)
com.google.android.gms.internal.firebase-auth-api.zzady$zza: zzady$zza(com.google.android.gms.common.api.internal.LifecycleFragment,java.util.List)
com.google.firebase.database.collection.LLRBNode$Color: com.google.firebase.database.collection.LLRBNode$Color valueOf(java.lang.String)
com.google.android.gms.internal.firebase-auth-api.zzud: com.google.android.gms.internal.firebase-auth-api.zzud$zza zzc()
com.google.android.gms.internal.auth.zzu: void accept(java.lang.Object,java.lang.Object)
com.google.android.recaptcha.internal.zzqt: void zzN(com.google.android.recaptcha.internal.zzqt,java.lang.String)
com.google.android.gms.internal.firebase-auth-api.zzajd: byte[] zzj(int)
com.google.android.recaptcha.Recaptcha: java.lang.Object getClient-BWLJW6A(android.app.Application,java.lang.String,long,kotlin.coroutines.Continuation)
com.google.android.gms.internal.fido.zzbg: zzbg(com.google.android.gms.internal.fido.zzbu,com.google.android.gms.internal.fido.zzaz,com.google.android.gms.internal.fido.zzbg)
com.onesignal.notifications.internal.data.impl.NotificationRepository$markAsDismissedForOutstanding$2: java.lang.Object invoke(java.lang.Object,java.lang.Object)
androidx.window.extensions.core.util.function.Consumer: void accept(java.lang.Object)
com.google.android.recaptcha.internal.zzdr: java.io.OutputStream zzd(java.net.HttpURLConnection)
androidx.vectordrawable.graphics.drawable.VectorDrawableCompat$VGroup: float getTranslateX()
com.google.android.gms.tasks.TaskCompletionSource: TaskCompletionSource()
com.google.android.gms.internal.firebase-auth-api.zzafb: java.lang.String zza(java.lang.String,int,boolean)